<?xml version="1.0" encoding="UTF-8"?>
<testng-results skipped="0" failed="1" total="5" passed="4">
  <reporter-output>
  </reporter-output>
  <suite name="WalmartLabsHw Test Suite" duration-ms="457579" started-at="2015-11-24T07:05:43Z" finished-at="2015-11-24T07:13:21Z">
    <groups>
    </groups>
    <test name="Search test" duration-ms="457579" started-at="2015-11-24T07:05:43Z" finished-at="2015-11-24T07:13:21Z">
      <class name="WalmartLabsHwTest">
        <test-method status="PASS" signature="beforeClass()[pri:0, instance:WalmartLabsHwTest@4dd1bb4d]" name="beforeClass" is-config="true" duration-ms="47" started-at="2015-11-23T23:05:43Z" finished-at="2015-11-23T23:05:43Z">
          <reporter-output>
          </reporter-output>
        </test-method> <!-- beforeClass -->
        <test-method status="PASS" signature="beforeMethod()[pri:0, instance:WalmartLabsHwTest@4dd1bb4d]" name="beforeMethod" is-config="true" duration-ms="4306" started-at="2015-11-23T23:05:43Z" finished-at="2015-11-23T23:05:48Z">
          <reporter-output>
          </reporter-output>
        </test-method> <!-- beforeMethod -->
        <test-method status="FAIL" signature="TestCase1()[pri:0, instance:WalmartLabsHwTest@4dd1bb4d]" name="TestCase1" duration-ms="127560" started-at="2015-11-23T23:05:48Z" finished-at="2015-11-23T23:07:55Z">
          <exception class="java.lang.AssertionError">
            <message>
              <![CDATA[expected [1] but found [5]]]>
            </message>
            <full-stacktrace>
              <![CDATA[java.lang.AssertionError: expected [1] but found [5]
	at org.testng.Assert.fail(Assert.java:94)
	at org.testng.Assert.failNotEquals(Assert.java:494)
	at org.testng.Assert.assertEquals(Assert.java:123)
	at org.testng.Assert.assertEquals(Assert.java:370)
	at org.testng.Assert.assertEquals(Assert.java:380)
	at WalmartLabsHwTest.TestCase1(WalmartLabsHwTest.java:85)
	at sun.reflect.NativeMethodAccessorImpl.invoke0(Native Method)
	at sun.reflect.NativeMethodAccessorImpl.invoke(NativeMethodAccessorImpl.java:57)
	at sun.reflect.DelegatingMethodAccessorImpl.invoke(DelegatingMethodAccessorImpl.java:43)
	at java.lang.reflect.Method.invoke(Method.java:606)
	at org.testng.internal.MethodInvocationHelper.invokeMethod(MethodInvocationHelper.java:84)
	at org.testng.internal.Invoker.invokeMethod(Invoker.java:714)
	at org.testng.internal.Invoker.invokeTestMethod(Invoker.java:901)
	at org.testng.internal.Invoker.invokeTestMethods(Invoker.java:1231)
	at org.testng.internal.TestMethodWorker.invokeTestMethods(TestMethodWorker.java:127)
	at org.testng.internal.TestMethodWorker.run(TestMethodWorker.java:111)
	at org.testng.TestRunner.privateRun(TestRunner.java:767)
	at org.testng.TestRunner.run(TestRunner.java:617)
	at org.testng.SuiteRunner.runTest(SuiteRunner.java:334)
	at org.testng.SuiteRunner.runSequentially(SuiteRunner.java:329)
	at org.testng.SuiteRunner.privateRun(SuiteRunner.java:291)
	at org.testng.SuiteRunner.run(SuiteRunner.java:240)
	at org.testng.SuiteRunnerWorker.runSuite(SuiteRunnerWorker.java:52)
	at org.testng.SuiteRunnerWorker.run(SuiteRunnerWorker.java:86)
	at org.testng.TestNG.runSuitesSequentially(TestNG.java:1224)
	at org.testng.TestNG.runSuitesLocally(TestNG.java:1149)
	at org.testng.TestNG.run(TestNG.java:1057)
	at org.testng.remote.RemoteTestNG.run(RemoteTestNG.java:115)
	at org.testng.remote.RemoteTestNG.initAndRun(RemoteTestNG.java:207)
	at org.testng.remote.RemoteTestNG.main(RemoteTestNG.java:178)
]]>
            </full-stacktrace>
          </exception> <!-- java.lang.AssertionError -->
          <reporter-output>
          </reporter-output>
        </test-method> <!-- TestCase1 -->
        <test-method status="PASS" signature="afterMethod()[pri:0, instance:WalmartLabsHwTest@4dd1bb4d]" name="afterMethod" is-config="true" duration-ms="1242" started-at="2015-11-23T23:07:55Z" finished-at="2015-11-23T23:07:57Z">
          <reporter-output>
          </reporter-output>
        </test-method> <!-- afterMethod -->
        <test-method status="PASS" signature="beforeMethod()[pri:0, instance:WalmartLabsHwTest@4dd1bb4d]" name="beforeMethod" is-config="true" duration-ms="3780" started-at="2015-11-23T23:07:57Z" finished-at="2015-11-23T23:08:00Z">
          <reporter-output>
          </reporter-output>
        </test-method> <!-- beforeMethod -->
        <test-method status="PASS" signature="TestCase2()[pri:0, instance:WalmartLabsHwTest@4dd1bb4d]" name="TestCase2" duration-ms="36834" started-at="2015-11-23T23:08:00Z" finished-at="2015-11-23T23:08:37Z">
          <reporter-output>
          </reporter-output>
        </test-method> <!-- TestCase2 -->
        <test-method status="PASS" signature="afterMethod()[pri:0, instance:WalmartLabsHwTest@4dd1bb4d]" name="afterMethod" is-config="true" duration-ms="841" started-at="2015-11-23T23:08:37Z" finished-at="2015-11-23T23:08:38Z">
          <reporter-output>
          </reporter-output>
        </test-method> <!-- afterMethod -->
        <test-method status="PASS" signature="beforeMethod()[pri:0, instance:WalmartLabsHwTest@4dd1bb4d]" name="beforeMethod" is-config="true" duration-ms="2100" started-at="2015-11-23T23:08:38Z" finished-at="2015-11-23T23:08:40Z">
          <reporter-output>
          </reporter-output>
        </test-method> <!-- beforeMethod -->
        <test-method status="PASS" signature="TestCase3()[pri:0, instance:WalmartLabsHwTest@4dd1bb4d]" name="TestCase3" duration-ms="188683" started-at="2015-11-23T23:08:40Z" finished-at="2015-11-23T23:11:49Z">
          <reporter-output>
          </reporter-output>
        </test-method> <!-- TestCase3 -->
        <test-method status="PASS" signature="afterMethod()[pri:0, instance:WalmartLabsHwTest@4dd1bb4d]" name="afterMethod" is-config="true" duration-ms="1060" started-at="2015-11-23T23:11:49Z" finished-at="2015-11-23T23:11:50Z">
          <reporter-output>
          </reporter-output>
        </test-method> <!-- afterMethod -->
        <test-method status="PASS" signature="beforeMethod()[pri:0, instance:WalmartLabsHwTest@4dd1bb4d]" name="beforeMethod" is-config="true" duration-ms="1491" started-at="2015-11-23T23:11:50Z" finished-at="2015-11-23T23:11:51Z">
          <reporter-output>
          </reporter-output>
        </test-method> <!-- beforeMethod -->
        <test-method status="PASS" signature="TestCase4()[pri:0, instance:WalmartLabsHwTest@4dd1bb4d]" name="TestCase4" duration-ms="44416" started-at="2015-11-23T23:11:51Z" finished-at="2015-11-23T23:12:36Z">
          <reporter-output>
          </reporter-output>
        </test-method> <!-- TestCase4 -->
        <test-method status="PASS" signature="afterMethod()[pri:0, instance:WalmartLabsHwTest@4dd1bb4d]" name="afterMethod" is-config="true" duration-ms="886" started-at="2015-11-23T23:12:36Z" finished-at="2015-11-23T23:12:37Z">
          <reporter-output>
          </reporter-output>
        </test-method> <!-- afterMethod -->
        <test-method status="PASS" signature="beforeMethod()[pri:0, instance:WalmartLabsHwTest@4dd1bb4d]" name="beforeMethod" is-config="true" duration-ms="2689" started-at="2015-11-23T23:12:37Z" finished-at="2015-11-23T23:12:39Z">
          <reporter-output>
          </reporter-output>
        </test-method> <!-- beforeMethod -->
        <test-method status="PASS" signature="TestCase5()[pri:0, instance:WalmartLabsHwTest@4dd1bb4d]" name="TestCase5" duration-ms="40171" started-at="2015-11-23T23:12:39Z" finished-at="2015-11-23T23:13:20Z">
          <reporter-output>
          </reporter-output>
        </test-method> <!-- TestCase5 -->
        <test-method status="PASS" signature="afterMethod()[pri:0, instance:WalmartLabsHwTest@4dd1bb4d]" name="afterMethod" is-config="true" duration-ms="1386" started-at="2015-11-23T23:13:20Z" finished-at="2015-11-23T23:13:21Z">
          <reporter-output>
          </reporter-output>
        </test-method> <!-- afterMethod -->
      </class> <!-- WalmartLabsHwTest -->
    </test> <!-- Search test -->
  </suite> <!-- WalmartLabsHw Test Suite -->
</testng-results>
